2024-1-5 17:12:34-log: Cannot access game frame or container.
2024-1-5 17:12:34-debug: asset-db:require-engine-code (1494ms)
2024-1-5 17:12:35-log: Cocos Creator v3.8.1
2024-1-5 17:12:35-debug: [Assets Memory track]: asset-db:worker-init: initEngine start:19.96MB, end 126.91MB, increase: 106.95MB
2024-1-5 17:12:35-debug: asset-db:worker-init: initPlugin (308ms)
2024-1-5 17:12:35-debug: [Assets Memory track]: asset-db:worker-init start:19.96MB, end 94.77MB, increase: 74.81MB
2024-1-5 17:12:35-debug: Run asset db hook programming:beforePreStart ...
2024-1-5 17:12:35-debug: Run asset db hook programming:beforePreStart success!
2024-1-5 17:12:35-debug: Run asset db hook engine-extends:beforePreStart ...
2024-1-5 17:12:35-debug: Run asset db hook engine-extends:beforePreStart success!
2024-1-5 17:12:36-debug: asset-db:worker-init (3039ms)
2024-1-5 17:12:36-debug: asset-db-hook-programming-beforePreStart (809ms)
2024-1-5 17:12:36-debug: asset-db-hook-engine-extends-beforePreStart (808ms)
2024-1-5 17:12:36-debug: Preimport db internal success
2024-1-5 17:12:36-debug: Preimport db assets success
2024-1-5 17:12:36-debug: Run asset db hook programming:afterPreStart ...
2024-1-5 17:12:39-debug: run package(builder) handler(enable) start
2024-1-5 17:12:52-debug: [Assets Memory track]: asset-db-plugin-enable: builder start:112.97MB, end 340.57MB, increase: 227.61MB
2024-1-5 17:12:52-debug: run package(builder) handler(enable) success!
2024-1-5 17:12:52-debug: run package(shortcuts) handler(enable) start
2024-1-5 17:12:53-debug: run package(about) handler(enable) start
2024-1-5 17:12:52-debug: run package(animation-graph) handler(enable) start
2024-1-5 17:12:53-debug: run package(assets) handler(enable) start
2024-1-5 17:12:53-debug: run package(assets) handler(enable) success!
2024-1-5 17:12:53-debug: run package(console) handler(enable) start
2024-1-5 17:12:52-debug: run package(shortcuts) handler(enable) success!
2024-1-5 17:12:53-debug: run package(crash-reporter) handler(enable) start
2024-1-5 17:12:53-debug: run package(crash-reporter) handler(enable) success!
2024-1-5 17:12:53-debug: run package(extension) handler(enable) start
2024-1-5 17:12:53-debug: run package(extension) handler(enable) success!
2024-1-5 17:12:53-debug: run package(hierarchy) handler(enable) start
2024-1-5 17:12:53-debug: run package(hierarchy) handler(enable) success!
2024-1-5 17:12:53-debug: run package(inspector) handler(enable) start
2024-1-5 17:12:52-debug: run package(animation-graph) handler(enable) success!
2024-1-5 17:12:53-debug: run package(light-probe) handler(enable) start
2024-1-5 17:12:53-debug: run package(light-probe) handler(enable) success!
2024-1-5 17:12:53-debug: run package(lightmap) handler(enable) start
2024-1-5 17:12:53-debug: run package(inspector) handler(enable) success!
2024-1-5 17:12:53-debug: run package(node-library) handler(enable) start
2024-1-5 17:12:53-debug: run package(console) handler(enable) success!
2024-1-5 17:12:53-debug: run package(package-asset) handler(enable) start
2024-1-5 17:12:53-debug: run package(package-asset) handler(enable) success!
2024-1-5 17:12:53-debug: run package(process) handler(enable) start
2024-1-5 17:12:53-debug: run package(process) handler(enable) success!
2024-1-5 17:12:53-debug: run package(reference-image) handler(enable) start
2024-1-5 17:12:53-debug: run package(lightmap) handler(enable) success!
2024-1-5 17:12:53-debug: run package(reflection-probe) handler(enable) start
2024-1-5 17:12:53-debug: run package(reflection-probe) handler(enable) success!
2024-1-5 17:12:53-debug: run package(engine-extends) handler(enable) start
2024-1-5 17:12:53-debug: run package(engine-extends) handler(enable) success!
2024-1-5 17:12:53-debug: run package(adsense-h5g-plugin) handler(enable) start
2024-1-5 17:12:53-debug: run package(adsense-h5g-plugin) handler(enable) success!
2024-1-5 17:12:53-debug: run package(alipay-mini-game) handler(enable) start
2024-1-5 17:12:53-debug: run package(alipay-mini-game) handler(enable) success!
2024-1-5 17:12:53-debug: run package(android) handler(enable) start
2024-1-5 17:12:53-debug: run package(android) handler(enable) success!
2024-1-5 17:12:53-debug: run package(bytedance-mini-game) handler(enable) start
2024-1-5 17:12:53-debug: run package(bytedance-mini-game) handler(enable) success!
2024-1-5 17:12:53-debug: run package(certificate) handler(enable) start
2024-1-5 17:12:53-debug: run package(certificate) handler(enable) success!
2024-1-5 17:12:53-debug: run package(channel-upload-tools) handler(enable) start
2024-1-5 17:12:53-debug: run package(channel-upload-tools) handler(enable) success!
2024-1-5 17:12:53-debug: run package(fb-instant-games) handler(enable) start
2024-1-5 17:12:53-debug: run package(fb-instant-games) handler(enable) success!
2024-1-5 17:12:53-debug: run package(reference-image) handler(enable) success!
2024-1-5 17:12:53-debug: run package(huawei-agc) handler(enable) success!
2024-1-5 17:12:53-debug: run package(huawei-quick-game) handler(enable) start
2024-1-5 17:12:53-debug: run package(node-library) handler(enable) success!
2024-1-5 17:12:53-debug: run package(ios) handler(enable) start
2024-1-5 17:12:53-debug: run package(ios) handler(enable) success!
2024-1-5 17:12:53-debug: run package(linux) handler(enable) start
2024-1-5 17:12:53-debug: run package(linux) handler(enable) success!
2024-1-5 17:12:53-debug: run package(mac) handler(enable) start
2024-1-5 17:12:53-debug: run package(mac) handler(enable) success!
2024-1-5 17:12:53-debug: run package(native) handler(enable) start
2024-1-5 17:12:53-debug: run package(native) handler(enable) success!
2024-1-5 17:12:53-debug: run package(ohos) handler(enable) start
2024-1-5 17:12:53-debug: run package(ohos) handler(enable) success!
2024-1-5 17:12:53-debug: run package(openharmony) handler(enable) start
2024-1-5 17:12:53-debug: run package(openharmony) handler(enable) success!
2024-1-5 17:12:53-debug: run package(oppo-mini-game) handler(enable) start
2024-1-5 17:12:53-debug: run package(about) handler(enable) success!
2024-1-5 17:12:53-debug: run package(runtime-dev-tools) handler(enable) start
2024-1-5 17:12:53-debug: run package(runtime-dev-tools) handler(enable) success!
2024-1-5 17:12:53-debug: run package(taobao-creative-app) handler(enable) start
2024-1-5 17:12:53-debug: run package(huawei-agc) handler(enable) start
2024-1-5 17:12:53-debug: run package(oppo-mini-game) handler(enable) success!
2024-1-5 17:12:53-debug: run package(taobao-mini-game) handler(enable) success!
2024-1-5 17:12:53-debug: run package(vivo-mini-game) handler(enable) start
2024-1-5 17:12:53-debug: run package(vivo-mini-game) handler(enable) success!
2024-1-5 17:12:53-debug: run package(web-desktop) handler(enable) start
2024-1-5 17:12:53-debug: run package(web-desktop) handler(enable) success!
2024-1-5 17:12:53-debug: run package(web-mobile) handler(enable) start
2024-1-5 17:12:53-debug: run package(web-mobile) handler(enable) success!
2024-1-5 17:12:53-debug: run package(wechatgame) handler(enable) start
2024-1-5 17:12:53-debug: run package(wechatgame) handler(enable) success!
2024-1-5 17:12:53-debug: run package(wechatprogram) handler(enable) start
2024-1-5 17:12:53-debug: run package(wechatprogram) handler(enable) success!
2024-1-5 17:12:53-debug: run package(windows) handler(enable) start
2024-1-5 17:12:53-debug: run package(taobao-mini-game) handler(enable) start
2024-1-5 17:12:53-debug: run package(xiaomi-quick-game) handler(enable) start
2024-1-5 17:12:53-debug: run package(xiaomi-quick-game) handler(enable) success!
2024-1-5 17:12:53-debug: run package(cocos-service) handler(enable) start
2024-1-5 17:12:53-debug: run package(taobao-creative-app) handler(enable) success!
2024-1-5 17:12:53-debug: run package(im-plugin) handler(enable) start
2024-1-5 17:12:53-debug: run package(im-plugin) handler(enable) success!
2024-1-5 17:12:53-debug: run package(placeholder) handler(enable) start
2024-1-5 17:12:53-debug: run package(placeholder) handler(enable) success!
2024-1-5 17:12:53-debug: run package(cocos-service) handler(enable) success!
2024-1-5 17:12:53-debug: run package(huawei-quick-game) handler(enable) success!
2024-1-5 17:12:53-debug: run package(windows) handler(enable) success!
2024-1-5 17:12:53-debug: Set detail map pack:///resolution-detail-map.json: {}
2024-1-5 17:12:53-debug: [Assets Memory track]: asset-db:worker-init: preStart start:94.77MB, end 342.18MB, increase: 247.40MB
2024-1-5 17:12:53-debug: Start up the 'internal' database...
2024-1-5 17:12:53-debug: Run asset db hook engine-extends:afterPreStart success!
2024-1-5 17:12:53-debug: Run asset db hook programming:afterPreStart success!
2024-1-5 17:12:53-debug: Run asset db hook engine-extends:afterPreStart ...
2024-1-5 17:12:53-debug: asset-db-hook-programming-afterPreStart (17202ms)
2024-1-5 17:12:53-debug: asset-db:worker-effect-data-processing (72ms)
2024-1-5 17:12:53-debug: asset-db-hook-engine-extends-afterPreStart (73ms)
2024-1-5 17:12:53-debug: start asset-db(internal) with asset: 463
2024-1-5 17:12:53-debug: [Assets Memory track]: asset-db:worker-startup-database[internal] start:116.07MB, end 339.53MB, increase: 223.46MB
2024-1-5 17:12:53-debug: Start up the 'assets' database...
2024-1-5 17:12:53-debug: start asset-db(assets) with asset: 6
2024-1-5 17:12:53-debug: asset-db:worker-startup-database[internal] (17398ms)
2024-1-5 17:12:53-debug: [Assets Memory track]: asset-db:worker-startup-database[assets] start:117.23MB, end 339.57MB, increase: 222.34MB
2024-1-5 17:12:53-debug: asset-db:worker-startup-database[assets] (17264ms)
2024-1-5 17:12:53-debug: asset-db:start-database (18089ms)
2024-1-5 17:12:53-debug: asset-db:ready (24212ms)
2024-1-5 17:12:53-debug: init worker message success
2024-1-5 17:12:53-debug: programming:execute-script (1ms)
2024-1-5 17:12:54-debug: [Build Memory track]: builder:worker-init start:341.37MB, end 353.53MB, increase: 12.16MB
2024-1-5 17:12:55-debug: builder:worker-init (1769ms)
2024-1-5 17:12:56-debug: programming:execute-script (6ms)
2024-1-5 17:12:56-debug: Query all assets info in project
2024-1-5 17:12:56-debug: init custom config: keepNodeUuid: false, useCache: true
2024-1-5 17:12:56-debug:   Number of all scripts: 3
2024-1-5 17:12:56-debug:   Number of other assets: 323
2024-1-5 17:12:56-debug:   Number of all scenes: 1
2024-1-5 17:12:56-debug: reload all scripts.
2024-1-5 17:12:56-debug: Set detail map pack:///resolution-detail-map.json: {}
2024-1-5 17:12:56-debug: /Users/alan_yeh/Documents/CoverageTest/temp/programming/packer-driver/targets/editor/chunks/93/93ba276ea7b26ffcdc433fab14afc1ed6f05647b.js resolved to /Users/alan_yeh/Documents/CoverageTest/temp/programming/packer-driver/targets/editor/chunks/93/93ba276ea7b26ffcdc433fab14afc1ed6f05647b.js is not in module cache!
2024-1-5 17:12:56-debug: [[Executor]] Module "cce:/internal/x/cc-fu/gfx-empty" loaded.
2024-1-5 17:12:56-debug: [[Executor]] Module "cce:/internal/x/cc-fu/3d" loaded.
2024-1-5 17:12:56-debug: [[Executor]] Module "cce:/internal/x/cc-fu/animation" loaded.
2024-1-5 17:12:56-debug: [[Executor]] Module "cce:/internal/x/cc-fu/skeletal-animation" loaded.
2024-1-5 17:12:56-debug: [[Executor]] Module "cce:/internal/x/cc-fu/2d" loaded.
2024-1-5 17:12:56-debug: [[Executor]] Module "cce:/internal/x/cc-fu/sorting" loaded.
2024-1-5 17:12:56-debug: [[Executor]] Module "cce:/internal/x/cc-fu/ui" loaded.
2024-1-5 17:12:56-debug: [[Executor]] Module "cce:/internal/x/cc-fu/base" loaded.
2024-1-5 17:12:56-debug: [[Executor]] Module "cce:/internal/x/cc-fu/particle-2d" loaded.
2024-1-5 17:12:56-debug: [[Executor]] Module "cce:/internal/x/cc-fu/physics-framework" loaded.
2024-1-5 17:12:56-debug: [[Executor]] Module "cce:/internal/x/cc-fu/physics-2d-framework" loaded.
2024-1-5 17:12:56-debug: [[Executor]] Module "cce:/internal/x/cc-fu/physics-2d-box2d-wasm" loaded.
2024-1-5 17:12:56-debug: [[Executor]] Module "cce:/internal/x/cc-fu/particle" loaded.
2024-1-5 17:12:56-debug: [[Executor]] Module "cce:/internal/x/cc-fu/gfx-webgl2" loaded.
2024-1-5 17:12:56-debug: [[Executor]] Module "cce:/internal/x/cc-fu/primitive" loaded.
2024-1-5 17:12:56-debug: [[Executor]] Module "cce:/internal/x/cc-fu/geometry-renderer" loaded.
2024-1-5 17:12:56-debug: [[Executor]] Module "cce:/internal/x/cc-fu/audio" loaded.
2024-1-5 17:12:56-debug: [[Executor]] Module "cce:/internal/x/cc-fu/video" loaded.
2024-1-5 17:12:56-debug: [[Executor]] Module "cce:/internal/x/cc-fu/xr" loaded.
2024-1-5 17:12:56-debug: [[Executor]] Module "cce:/internal/x/cc-fu/light-probe" loaded.
2024-1-5 17:12:56-debug: [[Executor]] Module "cce:/internal/x/cc-fu/terrain" loaded.
2024-1-5 17:12:56-debug: [[Executor]] Module "cce:/internal/x/cc-fu/webview" loaded.
2024-1-5 17:12:56-debug: [[Executor]] Module "cce:/internal/x/cc-fu/tween" loaded.
2024-1-5 17:12:56-debug: [[Executor]] Module "cce:/internal/x/cc-fu/gfx-webgl" loaded.
2024-1-5 17:12:56-debug: [[Executor]] Module "cce:/internal/x/cc-fu/profiler" loaded.
2024-1-5 17:12:56-debug: [[Executor]] Module "cce:/internal/x/cc-fu/spine" loaded.
2024-1-5 17:12:56-debug: [[Executor]] Module "cce:/internal/x/cc-fu/custom-pipeline" loaded.
2024-1-5 17:12:56-debug: [[Executor]] Module "cce:/internal/x/cc-fu/base" loaded.
2024-1-5 17:12:56-debug: [[Executor]] Module "cce:/internal/x/cc-fu/gfx-webgl" loaded.
2024-1-5 17:12:56-debug: [[Executor]] Module "cce:/internal/x/cc-fu/gfx-webgl2" loaded.
2024-1-5 17:12:56-debug: [[Executor]] Module "cce:/internal/x/cc-fu/gfx-empty" loaded.
2024-1-5 17:12:56-debug: [[Executor]] Module "cce:/internal/x/cc-fu/3d" loaded.
2024-1-5 17:12:56-debug: [[Executor]] Module "cce:/internal/x/cc-fu/animation" loaded.
2024-1-5 17:12:56-debug: [[Executor]] Module "cce:/internal/x/cc-fu/skeletal-animation" loaded.
2024-1-5 17:12:56-debug: [[Executor]] Module "cce:/internal/x/cc-fu/2d" loaded.
2024-1-5 17:12:56-debug: [[Executor]] Module "cce:/internal/x/cc-fu/sorting" loaded.
2024-1-5 17:12:56-debug: [[Executor]] Module "cce:/internal/x/cc-fu/ui" loaded.
2024-1-5 17:12:56-debug: [[Executor]] Module "cce:/internal/x/cc-fu/particle" loaded.
2024-1-5 17:12:56-debug: [[Executor]] Module "cce:/internal/x/cc-fu/particle-2d" loaded.
2024-1-5 17:12:56-debug: [[Executor]] Module "cce:/internal/x/cc-fu/physics-framework" loaded.
2024-1-5 17:12:56-debug: [[Executor]] Module "cce:/internal/x/cc-fu/physics-2d-framework" loaded.
2024-1-5 17:12:56-debug: [[Executor]] Module "cce:/internal/x/cc-fu/physics-2d-box2d-wasm" loaded.
2024-1-5 17:12:56-debug: [[Executor]] Module "cce:/internal/x/cc-fu/intersection-2d" loaded.
2024-1-5 17:12:56-debug: [[Executor]] Module "cce:/internal/x/cc-fu/tiled-map" loaded.
2024-1-5 17:12:56-debug: [[Executor]] Module "cce:/internal/x/cc-fu/profiler" loaded.
2024-1-5 17:12:56-debug: [[Executor]] Module "cce:/internal/x/cc-fu/geometry-renderer" loaded.
2024-1-5 17:12:56-debug: [[Executor]] Module "cce:/internal/x/cc-fu/audio" loaded.
2024-1-5 17:12:56-debug: [[Executor]] Module "cce:/internal/x/cc-fu/intersection-2d" loaded.
2024-1-5 17:12:56-debug: [[Executor]] Module "cce:/internal/x/cc-fu/xr" loaded.
2024-1-5 17:12:56-debug: [[Executor]] Module "cce:/internal/x/cc-fu/light-probe" loaded.
2024-1-5 17:12:56-debug: [[Executor]] Module "cce:/internal/x/cc-fu/terrain" loaded.
2024-1-5 17:12:56-debug: [[Executor]] Module "cce:/internal/x/cc-fu/webview" loaded.
2024-1-5 17:12:56-debug: [[Executor]] Module "cce:/internal/x/cc-fu/tween" loaded.
2024-1-5 17:12:56-debug: [[Executor]] Module "cce:/internal/x/cc-fu/tiled-map" loaded.
2024-1-5 17:12:56-debug: [[Executor]] Module "cce:/internal/x/cc-fu/spine" loaded.
2024-1-5 17:12:56-debug: [[Executor]] Module "cce:/internal/x/cc-fu/dragon-bones" loaded.
2024-1-5 17:12:56-debug: [[Executor]] Module "cce:/internal/x/cc-fu/custom-pipeline" loaded.
2024-1-5 17:12:56-debug: [[Executor]] Module "pack:///chunks/93/93ba276ea7b26ffcdc433fab14afc1ed6f05647b.js" loaded.
2024-1-5 17:12:56-debug: [[Executor]] Module "cce:/internal/x/cc-fu/primitive" loaded.
2024-1-5 17:12:56-debug: [[Executor]] Module "pack:///chunks/93/93ba276ea7b26ffcdc433fab14afc1ed6f05647b.js" loaded.
2024-1-5 17:12:56-debug: [[Executor]] Module "cce:/internal/x/cc-fu/video" loaded.
2024-1-5 17:12:56-debug: Invalidating 'pack:///chunks/93/93ba276ea7b26ffcdc433fab14afc1ed6f05647b.js'
2024-1-5 17:12:56-debug: [[Executor]] Module "cce:/internal/x/cc-fu/dragon-bones" loaded.
2024-1-5 17:12:56-debug: /Users/alan_yeh/Documents/CoverageTest/temp/programming/packer-driver/targets/editor/chunks/6d/6d8fd2b0177941b032ddc0733af48a561fb60657.js resolved to /Users/alan_yeh/Documents/CoverageTest/temp/programming/packer-driver/targets/editor/chunks/6d/6d8fd2b0177941b032ddc0733af48a561fb60657.js is not in module cache!
2024-1-5 17:12:56-debug: [[Executor]] Module "pack:///chunks/6d/6d8fd2b0177941b032ddc0733af48a561fb60657.js" loaded.
2024-1-5 17:12:56-debug: /Users/alan_yeh/Documents/CoverageTest/temp/programming/packer-driver/targets/editor/chunks/48/48f2b992e5a2ee12fd5b80531122a4cb29aeb00f.js resolved to /Users/alan_yeh/Documents/CoverageTest/temp/programming/packer-driver/targets/editor/chunks/48/48f2b992e5a2ee12fd5b80531122a4cb29aeb00f.js is not in module cache!
2024-1-5 17:12:56-debug: [[Executor]] Register DebugViewRuntimeControl
2024-1-5 17:12:56-debug: [[Executor]] Module "pack:///chunks/48/48f2b992e5a2ee12fd5b80531122a4cb29aeb00f.js" loaded.
2024-1-5 17:12:56-debug: /Users/alan_yeh/Documents/CoverageTest/temp/programming/packer-driver/targets/editor/chunks/ef/ef3ed95dc9e226fd7a4ae89d55609213bc0a8341.js resolved to /Users/alan_yeh/Documents/CoverageTest/temp/programming/packer-driver/targets/editor/chunks/ef/ef3ed95dc9e226fd7a4ae89d55609213bc0a8341.js is not in module cache!
2024-1-5 17:12:56-debug: /Users/alan_yeh/Documents/CoverageTest/temp/programming/packer-driver/targets/editor/chunks/6a/6a5019a719a9014c047e67aa1cf34453ab8392ce.js resolved to /Users/alan_yeh/Documents/CoverageTest/temp/programming/packer-driver/targets/editor/chunks/6a/6a5019a719a9014c047e67aa1cf34453ab8392ce.js is not in module cache!
2024-1-5 17:12:56-debug: /Users/alan_yeh/Documents/CoverageTest/temp/programming/packer-driver/targets/editor/chunks/5f/5f62a6bb466b9422d24b992ede217b44af569b92.js resolved to /Users/alan_yeh/Documents/CoverageTest/temp/programming/packer-driver/targets/editor/chunks/5f/5f62a6bb466b9422d24b992ede217b44af569b92.js is not in module cache!
2024-1-5 17:12:56-debug: [[Executor]] Module "pack:///chunks/6a/6a5019a719a9014c047e67aa1cf34453ab8392ce.js" loaded.
2024-1-5 17:12:56-debug: [[Executor]] Module "pack:///chunks/5f/5f62a6bb466b9422d24b992ede217b44af569b92.js" loaded.
2024-1-5 17:12:56-debug: [[Executor]] Module "pack:///chunks/6d/6d8fd2b0177941b032ddc0733af48a561fb60657.js" loaded.
2024-1-5 17:12:56-debug: 查询 Asset Bundle start0%
2024-1-5 17:12:56-debug: // ---- build task 查询 Asset Bundle ----
2024-1-5 17:12:56-debug: [[Executor]] Register MySceneMain
2024-1-5 17:12:56-debug: [[Executor]] Module "pack:///chunks/ef/ef3ed95dc9e226fd7a4ae89d55609213bc0a8341.js" loaded.
2024-1-5 17:12:56-debug: Incremental keys: 
2024-1-5 17:12:56-debug: Query preload assets from cc.config.json: 60f7195c-ec2a-45eb-ba94-8955f60e81d0,1c02ae6f-4492-4915-b8f8-7492a3b1e4cd,810e96e4-e456-4468-9b59-f4e8f39732c0,efe8e2a3-eace-427b-b4f1-cb8a937ec77d,e9aa9a3e-5b2b-4ac7-a2c7-073de2b2b24f,8bbdbcdd-5cd4-4100-b6d5-b7c9625b6107,50f4348b-c883-4e2f-8f11-ce233b859fa1,fda095cb-831d-4601-ad94-846013963de8,f92806d7-1768-443f-afe8-12bcde84d0f0,dd3a144d-ab7f-41f0-82b8-2e43a090d496,f0416e68-0200-4b77-a926-4f9d16e494da,970b0598-bcb0-4714-91fb-2e81440dccd8,bcd64cc6-2dd9-43f6-abbe-66318d332032,d930590d-bb92-4cc8-8bd1-23cd027f9edf,a3cd009f-0ab0-420d-9278-b9fdab939bbc,c27215d8-6835-4b68-bfbb-bdeac6100c04,b5d6115f-0370-4d7c-aad3-c194cc71cf98,871c3b6c-7379-419d-bda3-794b239ab90d
2024-1-5 17:12:56-debug: // ---- build task 查询 Asset Bundle ---- (16ms)
2024-1-5 17:12:56-debug: run build task 查询 Asset Bundle success in 16 ms √5%
2024-1-5 17:12:56-debug: [Build Memory track]: 查询 Asset Bundle start:354.80MB, end 350.65MB, increase: -4245.23KB
2024-1-5 17:12:56-debug: 查询 Asset Bundle start5%
2024-1-5 17:12:56-debug: // ---- build task 查询 Asset Bundle ----
2024-1-5 17:12:56-debug: run build task 查询 Asset Bundle success in 0 ms √10%
2024-1-5 17:12:56-debug: [Build Memory track]: 查询 Asset Bundle start:350.66MB, end 350.67MB, increase: 10.68KB
2024-1-5 17:12:56-debug: 整理部分构建选项内数据到 settings.json start10%
2024-1-5 17:12:56-debug: // ---- build task 整理部分构建选项内数据到 settings.json ----
2024-1-5 17:12:56-debug: // ---- build task 整理部分构建选项内数据到 settings.json ---- (1ms)
2024-1-5 17:12:56-debug: // ---- build task 填充脚本数据到 settings.json ----
2024-1-5 17:12:56-debug: [Build Memory track]: 整理部分构建选项内数据到 settings.json start:350.68MB, end 350.70MB, increase: 13.01KB
2024-1-5 17:12:56-debug: 填充脚本数据到 settings.json start12%
2024-1-5 17:12:56-debug: run build task 整理部分构建选项内数据到 settings.json success in 1 ms √12%
2024-1-5 17:12:56-debug: // ---- build task 填充脚本数据到 settings.json ---- (1ms)
2024-1-5 17:12:56-debug: run build task 填充脚本数据到 settings.json success in 1 ms √13%
2024-1-5 17:12:56-debug: // ---- build task 整理部分构建选项内数据到 settings.json ----
2024-1-5 17:12:56-debug: [Build Memory track]: 填充脚本数据到 settings.json start:350.70MB, end 350.72MB, increase: 13.79KB
2024-1-5 17:12:56-debug: 整理部分构建选项内数据到 settings.json start13%
2024-1-5 17:12:56-debug: // ---- build task 整理部分构建选项内数据到 settings.json ---- (4ms)
2024-1-5 17:12:56-debug: run build task 整理部分构建选项内数据到 settings.json success in 4 ms √15%
2024-1-5 17:12:56-debug: [Build Memory track]: 整理部分构建选项内数据到 settings.json start:350.73MB, end 350.84MB, increase: 116.59KB
2024-1-5 17:18:35-debug: refresh db internal success
2024-1-5 17:18:35-debug: refresh db assets success
2024-1-5 17:18:35-debug: Run asset db hook engine-extends:afterRefresh ...
2024-1-5 17:18:35-debug: Run asset db hook engine-extends:afterRefresh success!
2024-1-5 17:18:35-debug: asset-db:refresh-all-database (77ms)
2024-1-5 17:18:35-debug: asset-db:worker-effect-data-processing (1ms)
2024-1-5 17:18:35-debug: asset-db-hook-engine-extends-afterRefresh (1ms)
2024-1-5 17:21:14-debug: refresh db internal success
2024-1-5 17:21:14-debug: refresh db assets success
2024-1-5 17:21:14-debug: Run asset db hook engine-extends:afterRefresh ...
2024-1-5 17:21:14-debug: Run asset db hook engine-extends:afterRefresh success!
2024-1-5 17:21:14-debug: asset-db:refresh-all-database (84ms)
2024-1-5 17:21:14-debug: asset-db:worker-effect-data-processing (1ms)
2024-1-5 17:21:14-debug: asset-db-hook-engine-extends-afterRefresh (1ms)
